bin\Debug\ManagedWinapiNativeHelper.ilk
bin\Debug\ManagedWinapiNativeHelper.pdb
H:\(!) Бэкап с 3 ТБ\Проекты от студии\KEYBOARDSWITCHER\MANAGEDWINAPINATIVEHELPER\BIN\DEBUG\MANAGEDWINAPINATIVEHELPER.DLL
H:\(!) Бэкап с 3 ТБ\Проекты от студии\KeyboardSwitcher\ManagedWinapiNativeHelper\bin\Debug\ManagedWinapiNativeHelper.exp
H:\(!) Бэкап с 3 ТБ\Проекты от студии\KEYBOARDSWITCHER\MANAGEDWINAPINATIVEHELPER\BIN\DEBUG\MANAGEDWINAPINATIVEHELPER.ILK
H:\(!) Бэкап с 3 ТБ\Проекты от студии\KeyboardSwitcher\ManagedWinapiNativeHelper\bin\Debug\ManagedWinapiNativeHelper.lib
H:\(!) БЭКАП С 3 ТБ\ПРОЕКТЫ ОТ СТУДИИ\KEYBOARDSWITCHER\MANAGEDWINAPINATIVEHELPER\BIN\DEBUG\MANAGEDWINAPINATIVEHELPER.PDB
H:\(!) Бэкап с 3 ТБ\Проекты от студии\KEYBOARDSWITCHER\MANAGEDWINAPINATIVEHELPER\OBJ\DEBUG\.NETFRAMEWORK,VERSION=V4.0.ASSEMBLYATTRIBUTES.OBJ
H:\(!) Бэкап с 3 ТБ\Проекты от студии\KeyboardSwitcher\ManagedWinapiNativeHelper\obj\Debug\cl.command.1.tlog
H:\(!) Бэкап с 3 ТБ\Проекты от студии\KeyboardSwitcher\ManagedWinapiNativeHelper\obj\Debug\CL.read.1.tlog
H:\(!) Бэкап с 3 ТБ\Проекты от студии\KeyboardSwitcher\ManagedWinapiNativeHelper\obj\Debug\CL.write.1.tlog
H:\(!) Бэкап с 3 ТБ\Проекты от студии\KeyboardSwitcher\ManagedWinapiNativeHelper\obj\Debug\link.1332.read.1.tlog
H:\(!) Бэкап с 3 ТБ\Проекты от студии\KeyboardSwitcher\ManagedWinapiNativeHelper\obj\Debug\link.1332.write.1.tlog
H:\(!) Бэкап с 3 ТБ\Проекты от студии\KeyboardSwitcher\ManagedWinapiNativeHelper\obj\Debug\link.command.1.tlog
H:\(!) Бэкап с 3 ТБ\Проекты от студии\KeyboardSwitcher\ManagedWinapiNativeHelper\obj\Debug\link.read.1.tlog
H:\(!) Бэкап с 3 ТБ\Проекты от студии\KeyboardSwitcher\ManagedWinapiNativeHelper\obj\Debug\link.write.1.tlog
H:\(!) Бэкап с 3 ТБ\Проекты от студии\KEYBOARDSWITCHER\MANAGEDWINAPINATIVEHELPER\OBJ\DEBUG\MANAGEDWINAPINATIVEHELPER.DLL.INTERMEDIATE.MANIFEST
H:\(!) Бэкап с 3 ТБ\Проекты от студии\KEYBOARDSWITCHER\MANAGEDWINAPINATIVEHELPER\OBJ\DEBUG\MANAGEDWINAPINATIVEHELPER.OBJ
H:\(!) Бэкап с 3 ТБ\Проекты от студии\KeyboardSwitcher\ManagedWinapiNativeHelper\obj\Debug\ManagedWinapiNativeHelper.write.1.tlog
H:\(!) Бэкап с 3 ТБ\Проекты от студии\KeyboardSwitcher\ManagedWinapiNativeHelper\obj\Debug\mt.command.1.tlog
H:\(!) Бэкап с 3 ТБ\Проекты от студии\KeyboardSwitcher\ManagedWinapiNativeHelper\obj\Debug\mt.read.1.tlog
H:\(!) Бэкап с 3 ТБ\Проекты от студии\KeyboardSwitcher\ManagedWinapiNativeHelper\obj\Debug\mt.write.1.tlog
H:\(!) БЭКАП С 3 ТБ\ПРОЕКТЫ ОТ СТУДИИ\KEYBOARDSWITCHER\MANAGEDWINAPINATIVEHELPER\OBJ\DEBUG\VC100.PDB
