bin\Debug\WinKeyKiller.ilk
bin\Debug\WinKeyKiller.pdb
H:\(!) Бэкап с 3 ТБ\Проекты от студии\KEYBOARDSWITCHER\WINKEYKILLER\BIN\DEBUG\WINKEYKILLER.DLL
H:\(!) Бэкап с 3 ТБ\Проекты от студии\KeyboardSwitcher\WinKeyKiller\bin\Debug\WinKeyKiller.exp
H:\(!) Бэкап с 3 ТБ\Проекты от студии\KEYBOARDSWITCHER\WINKEYKILLER\BIN\DEBUG\WINKEYKILLER.ILK
H:\(!) Бэкап с 3 ТБ\Проекты от студии\KeyboardSwitcher\WinKeyKiller\bin\Debug\WinKeyKiller.lib
H:\(!) БЭКАП С 3 ТБ\ПРОЕКТЫ ОТ СТУДИИ\KEYBOARDSWITCHER\WINKEYKILLER\BIN\DEBUG\WINKEYKILLER.PDB
H:\(!) Бэкап с 3 ТБ\Проекты от студии\KEYBOARDSWITCHER\WINKEYKILLER\OBJ\DEBUG\.NETFRAMEWORK,VERSION=V4.0.ASSEMBLYATTRIBUTES.OBJ
H:\(!) Бэкап с 3 ТБ\Проекты от студии\KeyboardSwitcher\WinKeyKiller\obj\Debug\cl.command.1.tlog
H:\(!) Бэкап с 3 ТБ\Проекты от студии\KeyboardSwitcher\WinKeyKiller\obj\Debug\CL.read.1.tlog
H:\(!) Бэкап с 3 ТБ\Проекты от студии\KeyboardSwitcher\WinKeyKiller\obj\Debug\CL.write.1.tlog
H:\(!) Бэкап с 3 ТБ\Проекты от студии\KeyboardSwitcher\WinKeyKiller\obj\Debug\link.5648.read.1.tlog
H:\(!) Бэкап с 3 ТБ\Проекты от студии\KeyboardSwitcher\WinKeyKiller\obj\Debug\link.5648.write.1.tlog
H:\(!) Бэкап с 3 ТБ\Проекты от студии\KeyboardSwitcher\WinKeyKiller\obj\Debug\link.command.1.tlog
H:\(!) Бэкап с 3 ТБ\Проекты от студии\KeyboardSwitcher\WinKeyKiller\obj\Debug\link.read.1.tlog
H:\(!) Бэкап с 3 ТБ\Проекты от студии\KeyboardSwitcher\WinKeyKiller\obj\Debug\link.write.1.tlog
H:\(!) Бэкап с 3 ТБ\Проекты от студии\KeyboardSwitcher\WinKeyKiller\obj\Debug\mt.command.1.tlog
H:\(!) Бэкап с 3 ТБ\Проекты от студии\KeyboardSwitcher\WinKeyKiller\obj\Debug\mt.read.1.tlog
H:\(!) Бэкап с 3 ТБ\Проекты от студии\KeyboardSwitcher\WinKeyKiller\obj\Debug\mt.write.1.tlog
H:\(!) БЭКАП С 3 ТБ\ПРОЕКТЫ ОТ СТУДИИ\KEYBOARDSWITCHER\WINKEYKILLER\OBJ\DEBUG\VC100.PDB
H:\(!) Бэкап с 3 ТБ\Проекты от студии\KEYBOARDSWITCHER\WINKEYKILLER\OBJ\DEBUG\WINKEYKILLER.DLL.INTERMEDIATE.MANIFEST
H:\(!) Бэкап с 3 ТБ\Проекты от студии\KEYBOARDSWITCHER\WINKEYKILLER\OBJ\DEBUG\WINKEYKILLER.OBJ
H:\(!) Бэкап с 3 ТБ\Проекты от студии\KeyboardSwitcher\WinKeyKiller\obj\Debug\WinKeyKiller.write.1.tlog
