bin\Debug\WinKeyDisabler.ilk
bin\Debug\WinKeyDisabler.pdb
H:\(!) Бэкап с 3 ТБ\Проекты от студии\KEYBOARDSWITCHER\WINKEYDISABLER\BIN\DEBUG\WINKEYDISABLER.DLL
H:\(!) Бэкап с 3 ТБ\Проекты от студии\KeyboardSwitcher\WinKeyDisabler\bin\Debug\WinKeyDisabler.exp
H:\(!) Бэкап с 3 ТБ\Проекты от студии\KEYBOARDSWITCHER\WINKEYDISABLER\BIN\DEBUG\WINKEYDISABLER.ILK
H:\(!) Бэкап с 3 ТБ\Проекты от студии\KeyboardSwitcher\WinKeyDisabler\bin\Debug\WinKeyDisabler.lib
H:\(!) БЭКАП С 3 ТБ\ПРОЕКТЫ ОТ СТУДИИ\KEYBOARDSWITCHER\WINKEYDISABLER\BIN\DEBUG\WINKEYDISABLER.PDB
H:\(!) Бэкап с 3 ТБ\Проекты от студии\KEYBOARDSWITCHER\WINKEYDISABLER\OBJ\DEBUG\.NETFRAMEWORK,VERSION=V4.0.ASSEMBLYATTRIBUTES.OBJ
H:\(!) Бэкап с 3 ТБ\Проекты от студии\KeyboardSwitcher\WinKeyDisabler\obj\Debug\cl.command.1.tlog
H:\(!) Бэкап с 3 ТБ\Проекты от студии\KeyboardSwitcher\WinKeyDisabler\obj\Debug\CL.read.1.tlog
H:\(!) Бэкап с 3 ТБ\Проекты от студии\KeyboardSwitcher\WinKeyDisabler\obj\Debug\CL.write.1.tlog
H:\(!) Бэкап с 3 ТБ\Проекты от студии\KeyboardSwitcher\WinKeyDisabler\obj\Debug\link.2932.read.1.tlog
H:\(!) Бэкап с 3 ТБ\Проекты от студии\KeyboardSwitcher\WinKeyDisabler\obj\Debug\link.2932.write.1.tlog
H:\(!) Бэкап с 3 ТБ\Проекты от студии\KeyboardSwitcher\WinKeyDisabler\obj\Debug\link.command.1.tlog
H:\(!) Бэкап с 3 ТБ\Проекты от студии\KeyboardSwitcher\WinKeyDisabler\obj\Debug\link.read.1.tlog
H:\(!) Бэкап с 3 ТБ\Проекты от студии\KeyboardSwitcher\WinKeyDisabler\obj\Debug\link.write.1.tlog
H:\(!) Бэкап с 3 ТБ\Проекты от студии\KeyboardSwitcher\WinKeyDisabler\obj\Debug\mt.command.1.tlog
H:\(!) Бэкап с 3 ТБ\Проекты от студии\KeyboardSwitcher\WinKeyDisabler\obj\Debug\mt.read.1.tlog
H:\(!) Бэкап с 3 ТБ\Проекты от студии\KeyboardSwitcher\WinKeyDisabler\obj\Debug\mt.write.1.tlog
H:\(!) БЭКАП С 3 ТБ\ПРОЕКТЫ ОТ СТУДИИ\KEYBOARDSWITCHER\WINKEYDISABLER\OBJ\DEBUG\VC100.PDB
H:\(!) Бэкап с 3 ТБ\Проекты от студии\KEYBOARDSWITCHER\WINKEYDISABLER\OBJ\DEBUG\WINKEYDISABLER.DLL.INTERMEDIATE.MANIFEST
H:\(!) Бэкап с 3 ТБ\Проекты от студии\KEYBOARDSWITCHER\WINKEYDISABLER\OBJ\DEBUG\WINKEYDISABLER.OBJ
H:\(!) Бэкап с 3 ТБ\Проекты от студии\KeyboardSwitcher\WinKeyDisabler\obj\Debug\WinKeyDisabler.write.1.tlog
